生成启动时间为 2019/2/20 22:10:41。
     1>项目“E:\Project\C++\EADAM\EADAM\EADAM.vcxproj”在节点 2 上(Build 个目标)。
     1>ClCompile:
         D:\Program Files\VC\bin\x86_amd64\CL.exe /c /Zi /nologo /W3 /WX- /sdl /O2 /Oi /GL /D NDEBUG /D _CONSOLE /D _UNICODE /D UNICODE /Gm- /EHsc /MD /GS /Gy /fp:precise /Zc:wchar_t /Zc:forScope /Zc:inline /Fo"x64\Release\\" /Fd"x64\Release\vc140.pdb" /Gd /TP /errorReport:prompt main.cpp
         main.cpp
       Link:
         D:\Program Files\VC\bin\x86_amd64\link.exe /ERRORREPORT:PROMPT /OUT:"E:\Project\C++\EADAM\x64\Release\EADAM.exe" /INCREMENTAL:NO /NOLOGO kernel32.lib user32.lib gdi32.lib winspool.lib comdlg32.lib advapi32.lib shell32.lib ole32.lib oleaut32.lib uuid.lib odbc32.lib odbccp32.lib /MANIFEST /MANIFESTUAC:"level='asInvoker' uiAccess='false'" /manifest:embed /Debug /PDB:"E:\Project\C++\EADAM\x64\Release\EADAM.pdb" /SUBSYSTEM:CONSOLE /OPT:REF /OPT:ICF /LTCG:incremental /TLBID:1 /DYNAMICBASE /NXCOMPAT /IMPLIB:"E:\Project\C++\EADAM\x64\Release\EADAM.lib" /MACHINE:X64 x64\Release\set_ops.obj
         x64\Release\hash.obj
         x64\Release\main.obj
         x64\Release\model.obj
         x64\Release\solution.obj
         x64\Release\solver.obj
         正在生成代码
         1 of 355 functions ( 0.3%) were compiled, the rest were copied from previous compilation.
           0 functions were new in current compilation
           0 functions had inline decision re-evaluated but remain unchanged
         已完成代码的生成
         EADAM.vcxproj -> E:\Project\C++\EADAM\x64\Release\EADAM.exe
     1>已完成生成项目“E:\Project\C++\EADAM\EADAM\EADAM.vcxproj”(Build 个目标)的操作。

已成功生成。

已用时间 00:00:02.52
