生成启动时间为 2018/11/28 16:15:59。
     1>项目“E:\Project\C++\EADAM\EADAM\EADAM.vcxproj”在节点 2 上(Build 个目标)。
     1>ClCompile:
         D:\Program Files\VC\bin\CL.exe /c /Zi /nologo /W3 /WX- /sdl /O2 /Oi /Oy- /GL /D WIN32 /D NDEBUG /D _CONSOLE /D _UNICODE /D UNICODE /Gm- /EHsc /MD /GS /Gy /fp:precise /Zc:wchar_t /Zc:forScope /Zc:inline /Fo"Release\\" /Fd"Release\vc140.pdb" /Gd /TP /analyze- /errorReport:prompt main.cpp
         main.cpp
       Link:
         D:\Program Files\VC\bin\link.exe /ERRORREPORT:PROMPT /OUT:"E:\Project\C++\EADAM\Release\EADAM.exe" /INCREMENTAL:NO /NOLOGO kernel32.lib user32.lib gdi32.lib winspool.lib comdlg32.lib advapi32.lib shell32.lib ole32.lib oleaut32.lib uuid.lib odbc32.lib odbccp32.lib /MANIFEST /MANIFESTUAC:"level='asInvoker' uiAccess='false'" /manifest:embed /Debug /PDB:"E:\Project\C++\EADAM\Release\EADAM.pdb" /SUBSYSTEM:CONSOLE /OPT:REF /OPT:ICF /LTCG:incremental /TLBID:1 /DYNAMICBASE /NXCOMPAT /IMPLIB:"E:\Project\C++\EADAM\Release\EADAM.lib" /MACHINE:X86 /SAFESEH Release\generator.obj
         Release\main.obj
         Release\model.obj
         Release\solution.obj
         Release\solver.obj
         Release\utils.obj
         正在生成代码
         68 of 364 functions (18.7%) were compiled, the rest were copied from previous compilation.
           17 functions were new in current compilation
           28 functions had inline decision re-evaluated but remain unchanged
         已完成代码的生成
         EADAM.vcxproj -> E:\Project\C++\EADAM\Release\EADAM.exe
     1>已完成生成项目“E:\Project\C++\EADAM\EADAM\EADAM.vcxproj”(Build 个目标)的操作。

已成功生成。

已用时间 00:00:01.58
